# JRE version: OpenJDK Runtime Environment (8.0_242-b01) (build 1.8.0_242-release-1644-b01)
# Java VM: OpenJDK 64-Bit Server VM (25.242-b01 mixed mode windows-amd64 compressed oops)
Heap:
 PSYoungGen      total 153088K, used 30094K [0x00000000e0000000, 0x00000000eb680000, 0x0000000100000000)
  eden space 126464K, 15% used [0x00000000e0000000,0x00000000e1368b38,0x00000000e7b80000)
  from space 26624K, 38% used [0x00000000e7b80000,0x00000000e857ae20,0x00000000e9580000)
  to   space 25088K, 0% used [0x00000000e9e00000,0x00000000e9e00000,0x00000000eb680000)
 ParOldGen       total 116224K, used 112219K [0x00000000a0000000, 0x00000000a7180000, 0x00000000e0000000)
  object space 116224K, 96% used [0x00000000a0000000,0x00000000a6d96f20,0x00000000a7180000)
 Metaspace       used 92066K, capacity 96041K, committed 96280K, reserved 1132544K
  class space    used 12180K, capacity 12969K, committed 13104K, reserved 1048576K
GC Heap History (10 events):
Event: 2443.804 GC heap before
{Heap before GC invocations=26 (full 4):
 PSYoungGen      total 137216K, used 10720K [0x00000000e0000000, 0x00000000eaf80000, 0x0000000100000000)
  eden space 126464K, 0% used [0x00000000e0000000,0x00000000e0000000,0x00000000e7b80000)
  from space 10752K, 99% used [0x00000000ea500000,0x00000000eaf78050,0x00000000eaf80000)
  to   space 26624K, 0% used [0x00000000e7b80000,0x00000000e7b80000,0x00000000e9580000)
 ParOldGen       total 75776K, used 71614K [0x00000000a0000000, 0x00000000a4a00000, 0x00000000e0000000)
  object space 75776K, 94% used [0x00000000a0000000,0x00000000a45efa98,0x00000000a4a00000)
 Metaspace       used 82887K, capacity 86673K, committed 86936K, reserved 1124352K
  class space    used 10879K, capacity 11674K, committed 11696K, reserved 1048576K
Event: 2444.806 GC heap after
Heap after GC invocations=26 (full 4):
 PSYoungGen      total 137216K, used 0K [0x00000000e0000000, 0x00000000eaf80000, 0x0000000100000000)
  eden space 126464K, 0% used [0x00000000e0000000,0x00000000e0000000,0x00000000e7b80000)
  from space 10752K, 0% used [0x00000000ea500000,0x00000000ea500000,0x00000000eaf80000)
  to   space 26624K, 0% used [0x00000000e7b80000,0x00000000e7b80000,0x00000000e9580000)
 ParOldGen       total 116224K, used 50865K [0x00000000a0000000, 0x00000000a7180000, 0x00000000e0000000)
  object space 116224K, 43% used [0x00000000a0000000,0x00000000a31ac630,0x00000000a7180000)
 Metaspace       used 82193K, capacity 85305K, committed 86936K, reserved 1124352K
  class space    used 10729K, capacity 11402K, committed 11696K, reserved 1048576K
}
Event: 2503.564 GC heap before
{Heap before GC invocations=27 (full 4):
 PSYoungGen      total 137216K, used 122470K [0x00000000e0000000, 0x00000000eaf80000, 0x0000000100000000)
  eden space 126464K, 96% used [0x00000000e0000000,0x00000000e7799818,0x00000000e7b80000)
  from space 10752K, 0% used [0x00000000ea500000,0x00000000ea500000,0x00000000eaf80000)
  to   space 26624K, 0% used [0x00000000e7b80000,0x00000000e7b80000,0x00000000e9580000)
 ParOldGen       total 116224K, used 50865K [0x00000000a0000000, 0x00000000a7180000, 0x00000000e0000000)
  object space 116224K, 43% used [0x00000000a0000000,0x00000000a31ac630,0x00000000a7180000)
 Metaspace       used 90570K, capacity 94463K, committed 94744K, reserved 1130496K
  class space    used 11995K, capacity 12794K, committed 12848K, reserved 1048576K
Event: 2503.595 GC heap after
Heap after GC invocations=27 (full 4):
 PSYoungGen      total 153088K, used 10050K [0x00000000e0000000, 0x00000000eb680000, 0x0000000100000000)
  eden space 126464K, 0% used [0x00000000e0000000,0x00000000e0000000,0x00000000e7b80000)
  from space 26624K, 37% used [0x00000000e7b80000,0x00000000e8550a38,0x00000000e9580000)
  to   space 25088K, 0% used [0x00000000e9e00000,0x00000000e9e00000,0x00000000eb680000)
 ParOldGen       total 116224K, used 50873K [0x00000000a0000000, 0x00000000a7180000, 0x00000000e0000000)
  object space 116224K, 43% used [0x00000000a0000000,0x00000000a31ae630,0x00000000a7180000)
 Metaspace       used 90570K, capacity 94463K, committed 94744K, reserved 1130496K
  class space    used 11995K, capacity 12794K, committed 12848K, reserved 1048576K
}
Event: 2505.647 GC heap before
{Heap before GC invocations=28 (full 4):
 PSYoungGen      total 153088K, used 136514K [0x00000000e0000000, 0x00000000eb680000, 0x0000000100000000)
  eden space 126464K, 100% used [0x00000000e0000000,0x00000000e7b80000,0x00000000e7b80000)
  from space 26624K, 37% used [0x00000000e7b80000,0x00000000e8550a38,0x00000000e9580000)
  to   space 25088K, 0% used [0x00000000e9e00000,0x00000000e9e00000,0x00000000eb680000)
 ParOldGen       total 116224K, used 50873K [0x00000000a0000000, 0x00000000a7180000, 0x00000000e0000000)
  object space 116224K, 43% used [0x00000000a0000000,0x00000000a31ae630,0x00000000a7180000)
 Metaspace       used 91791K, capacity 95767K, committed 96024K, reserved 1132544K
  class space    used 12190K, capacity 12988K, committed 13104K, reserved 1048576K
Event: 2505.925 GC heap after
Heap after GC invocations=28 (full 4):
 PSYoungGen      total 151552K, used 25081K [0x00000000e0000000, 0x00000000eb680000, 0x0000000100000000)
  eden space 126464K, 0% used [0x00000000e0000000,0x00000000e0000000,0x00000000e7b80000)
  from space 25088K, 99% used [0x00000000e9e00000,0x00000000eb67e598,0x00000000eb680000)
  to   space 26624K, 0% used [0x00000000e7b80000,0x00000000e7b80000,0x00000000e9580000)
 ParOldGen       total 116224K, used 83284K [0x00000000a0000000, 0x00000000a7180000, 0x00000000e0000000)
  object space 116224K, 71% used [0x00000000a0000000,0x00000000a51551c0,0x00000000a7180000)
 Metaspace       used 91791K, capacity 95767K, committed 96024K, reserved 1132544K
  class space    used 12190K, capacity 12988K, committed 13104K, reserved 1048576K
}
Event: 2509.053 GC heap before
{Heap before GC invocations=29 (full 4):
 PSYoungGen      total 151552K, used 151545K [0x00000000e0000000, 0x00000000eb680000, 0x0000000100000000)
  eden space 126464K, 100% used [0x00000000e0000000,0x00000000e7b80000,0x00000000e7b80000)
  from space 25088K, 99% used [0x00000000e9e00000,0x00000000eb67e598,0x00000000eb680000)
  to   space 26624K, 0% used [0x00000000e7b80000,0x00000000e7b80000,0x00000000e9580000)
 ParOldGen       total 116224K, used 83284K [0x00000000a0000000, 0x00000000a7180000, 0x00000000e0000000)
  object space 116224K, 71% used [0x00000000a0000000,0x00000000a51551c0,0x00000000a7180000)
 Metaspace       used 92026K, capacity 96061K, committed 96280K, reserved 1132544K
  class space    used 12191K, capacity 12989K, committed 13104K, reserved 1048576K
Event: 2509.202 GC heap after
Heap after GC invocations=29 (full 4):
 PSYoungGen      total 153088K, used 26605K [0x00000000e0000000, 0x00000000eb680000, 0x0000000100000000)
  eden space 126464K, 0% used [0x00000000e0000000,0x00000000e0000000,0x00000000e7b80000)
  from space 26624K, 99% used [0x00000000e7b80000,0x00000000e957b6b8,0x00000000e9580000)
  to   space 25088K, 0% used [0x00000000e9e00000,0x00000000e9e00000,0x00000000eb680000)
 ParOldGen       total 116224K, used 102243K [0x00000000a0000000, 0x00000000a7180000, 0x00000000e0000000)
  object space 116224K, 87% used [0x00000000a0000000,0x00000000a63d8eb0,0x00000000a7180000)
 Metaspace       used 92026K, capacity 96061K, committed 96280K, reserved 1132544K
  class space    used 12191K, capacity 12989K, committed 13104K, reserved 1048576K
}
Event: 2509.202 GC heap before
{Heap before GC invocations=30 (full 5):
 PSYoungGen      total 153088K, used 26605K [0x00000000e0000000, 0x00000000eb680000, 0x0000000100000000)
  eden space 126464K, 0% used [0x00000000e0000000,0x00000000e0000000,0x00000000e7b80000)
  from space 26624K, 99% used [0x00000000e7b80000,0x00000000e957b6b8,0x00000000e9580000)
  to   space 25088K, 0% used [0x00000000e9e00000,0x00000000e9e00000,0x00000000eb680000)
 ParOldGen       total 116224K, used 102243K [0x00000000a0000000, 0x00000000a7180000, 0x00000000e0000000)
  object space 116224K, 87% used [0x00000000a0000000,0x00000000a63d8eb0,0x00000000a7180000)
 Metaspace       used 92026K, capacity 96061K, committed 96280K, reserved 1132544K
  class space    used 12191K, capacity 12989K, committed 13104K, reserved 1048576K
Event: 2511.048 GC heap after
Heap after GC invocations=30 (full 5):
 PSYoungGen      total 153088K, used 10219K [0x00000000e0000000, 0x00000000eb680000, 0x0000000100000000)
  eden space 126464K, 0% used [0x00000000e0000000,0x00000000e0000000,0x00000000e7b80000)
  from space 26624K, 38% used [0x00000000e7b80000,0x00000000e857ae20,0x00000000e9580000)
  to   space 25088K, 0% used [0x00000000e9e00000,0x00000000e9e00000,0x00000000eb680000)
 ParOldGen       total 116224K, used 112219K [0x00000000a0000000, 0x00000000a7180000, 0x00000000e0000000)
  object space 116224K, 96% used [0x00000000a0000000,0x00000000a6d96f20,0x00000000a7180000)
 Metaspace       used 91994K, capacity 95977K, committed 96280K, reserved 1132544K
  class space    used 12179K, capacity 12969K, committed 13104K, reserved 1048576K
}

